X0:mon
X1:tues
X2:wed
X3:thurs
X4:fri
X5:sat
X6:jan
X7:feb
X8:mar
X9:apr
X10:may
X11:jun
X12:jul
X13:aug
X14:sep
X15:octo
X16:nov
X17:zero_to_six
X18:six_to_twelve
X19:twelve_to_eighteen
X20:seconds_since_user_creation
X21:body_length
X22:body_percent_uppercase
X23:body_percent_spaces
X24:body_percent_punctuation
X25:body_starts_capitalized
X26:body_coleman_liau_index
X27:user_reputation
X28:num_tags
X29:response_time
X30:question_score
X31:num_other_answers
X32:year2008
X33:year2009
X34:year2010
X35:year2011
X36:year2012
X37:year2015
Y0:score
Y1:num_comments
Y2:num_pageviews

Summary Statistics

                           C (N_c=346995)            T (N_t=624643)             
       Variable         Mean         S.d.         Mean         S.d.         rdif
--------------------------------------------------------------------------------
             Y0        2.118       14.353        2.777       17.847        0.659
             Y1        1.360        2.253        1.454        2.327        0.094
             Y2     6054.281    46491.152     6245.651    42926.784      191.371

                           C (N_c=346995)            T (N_t=624643)             
       Variable         Mean         S.d.         Mean         S.d.         Ndif
--------------------------------------------------------------------------------
             X0        0.153        0.360        0.155        0.361        0.003
             X1        0.172        0.377        0.172        0.377       -0.000
             X2        0.177        0.382        0.175        0.380       -0.006
             X3        0.175        0.380        0.174        0.379       -0.002
             X4        0.158        0.364        0.158        0.365        0.001
             X5        0.084        0.277        0.084        0.278        0.002
             X6        0.082        0.275        0.088        0.283        0.019
             X7        0.085        0.279        0.086        0.280        0.003
             X8        0.110        0.313        0.086        0.281       -0.080
             X9        0.095        0.293        0.087        0.282       -0.026
            X10        0.096        0.295        0.086        0.280       -0.038
            X11        0.084        0.278        0.077        0.266       -0.028
            X12        0.074        0.262        0.081        0.273        0.025
            X13        0.075        0.264        0.082        0.274        0.024
            X14        0.074        0.261        0.080        0.271        0.024
            X15        0.073        0.260        0.086        0.281        0.048
            X16        0.076        0.265        0.083        0.276        0.025
            X17        0.185        0.388        0.184        0.387       -0.002
            X18        0.290        0.454        0.287        0.452       -0.007
            X19        0.323        0.468        0.324        0.468        0.002
            X20        0.058        1.083       -0.032        0.949       -0.088
            X21       -0.075        0.951        0.042        1.024        0.119
            X22        0.055        1.102       -0.030        0.937       -0.083
            X23        0.199        1.023       -0.111        0.970       -0.311
            X24       -0.051        1.062        0.028        0.963        0.078
            X25        0.845        0.362        0.854        0.353        0.026
            X26       -0.174        1.151        0.097        0.891        0.263
            X27       -0.113        1.051        0.063        0.965        0.174
            X28       -0.018        1.001        0.010        0.999        0.028
            X29       -0.011        0.996        0.006        1.002        0.017
            X30       -0.002        0.982        0.001        1.010        0.003
            X31        0.012        1.085       -0.007        0.950       -0.018
            X32        0.008        0.088        0.010        0.098        0.020
            X33        0.028        0.164        0.046        0.210        0.099
            X34        0.082        0.274        0.058        0.233       -0.094
            X35        0.198        0.398        0.052        0.223       -0.451
            X36        0.061        0.240        0.167        0.373        0.338
            X37        0.227        0.419        0.100        0.300       -0.348


Estimated Parameters of Propensity Score

                    Coef.       S.e.          z      P>|z|      [95% Conf. int.]
--------------------------------------------------------------------------------
     Intercept      1.163      0.014     83.511      0.000      1.136      1.190
            X0      0.023      0.010      2.266      0.023      0.003      0.043
            X1      0.025      0.010      2.472      0.013      0.005      0.044
            X2      0.016      0.010      1.649      0.099     -0.003      0.036
            X3      0.023      0.010      2.277      0.023      0.003      0.042
            X4      0.023      0.010      2.283      0.022      0.003      0.043
            X5     -0.011      0.011     -0.953      0.341     -0.033      0.012
            X6     -0.147      0.012    -12.576      0.000     -0.170     -0.124
            X7     -0.195      0.012    -16.726      0.000     -0.218     -0.172
            X8     -0.475      0.011    -42.150      0.000     -0.497     -0.453
            X9     -0.261      0.011    -22.725      0.000     -0.283     -0.238
           X10     -0.296      0.011    -25.825      0.000     -0.319     -0.274
           X11     -0.225      0.012    -19.004      0.000     -0.248     -0.201
           X12     -0.007      0.012     -0.569      0.569     -0.030      0.017
           X13     -0.004      0.012     -0.364      0.716     -0.028      0.019
           X14      0.006      0.012      0.486      0.627     -0.018      0.029
           X15      0.090      0.012      7.509      0.000      0.066      0.113
           X16      0.027      0.012      2.245      0.025      0.003      0.050
           X17     -0.047      0.008     -6.258      0.000     -0.062     -0.032
           X18     -0.067      0.007     -9.794      0.000     -0.080     -0.053
           X19     -0.026      0.007     -3.918      0.000     -0.039     -0.013
           X20     -0.377      0.003   -132.855      0.000     -0.383     -0.372
           X21      0.238      0.003     75.778      0.000      0.231      0.244
           X22     -0.126      0.002    -54.483      0.000     -0.130     -0.121
           X23     -0.377      0.003   -141.294      0.000     -0.382     -0.372
           X24      0.072      0.002     29.870      0.000      0.067      0.077
           X25      0.183      0.007     27.804      0.000      0.170      0.196
           X26      0.146      0.002     58.854      0.000      0.141      0.151
           X27      0.373      0.003    136.292      0.000      0.368      0.379
           X28      0.037      0.002     15.858      0.000      0.033      0.042
           X29     -0.004      0.002     -1.599      0.110     -0.008      0.001
           X30     -0.903      0.025    -35.695      0.000     -0.952     -0.853
           X31     -0.410      0.014    -30.064      0.000     -0.437     -0.383
           X32     -1.256      0.010   -128.304      0.000     -1.275     -1.237
           X33     -2.227      0.008   -262.523      0.000     -2.244     -2.211
           X34      0.377      0.009     43.318      0.000      0.360      0.394
           X35     -1.263      0.007   -192.496      0.000     -1.276     -1.250

TRIM PERFORMED: 0.10057447238911144

Summary Statistics

                           C (N_c=341259)            T (N_t=588109)             
       Variable         Mean         S.d.         Mean         S.d.         rdif
--------------------------------------------------------------------------------
             Y0        2.102       14.244        2.649       16.783        0.547
             Y1        1.355        2.246        1.415        2.268        0.060
             Y2     6040.614    46645.605     6273.889    43335.426      233.275

                           C (N_c=341259)            T (N_t=588109)             
       Variable         Mean         S.d.         Mean         S.d.         Ndif
--------------------------------------------------------------------------------
             X0        0.154        0.361        0.154        0.361        0.002
             X1        0.172        0.377        0.172        0.377        0.000
             X2        0.177        0.382        0.175        0.380       -0.004
             X3        0.175        0.380        0.174        0.379       -0.002
             X4        0.158        0.364        0.158        0.365        0.002
             X5        0.084        0.277        0.084        0.278        0.001
             X6        0.080        0.271        0.089        0.285        0.034
             X7        0.083        0.276        0.088        0.283        0.017
             X8        0.110        0.313        0.091        0.287       -0.064
             X9        0.095        0.293        0.089        0.285       -0.019
            X10        0.097        0.296        0.088        0.283       -0.031
            X11        0.085        0.279        0.078        0.269       -0.024
            X12        0.075        0.263        0.079        0.269        0.015
            X13        0.076        0.265        0.080        0.271        0.013
            X14        0.074        0.262        0.078        0.268        0.015
            X15        0.073        0.261        0.082        0.274        0.032
            X16        0.077        0.266        0.080        0.272        0.014
            X17        0.184        0.388        0.184        0.388       -0.001
            X18        0.291        0.454        0.288        0.453       -0.005
            X19        0.323        0.468        0.324        0.468        0.002
            X20        0.066        1.076       -0.005        0.958       -0.069
            X21       -0.097        0.797       -0.004        0.806        0.116
            X22        0.052        1.089       -0.021        0.949       -0.071
            X23        0.188        0.982       -0.079        0.958       -0.275
            X24       -0.055        1.047        0.006        0.926        0.062
            X25        0.845        0.361        0.852        0.355        0.020
            X26       -0.170        1.140        0.077        0.912        0.240
            X27       -0.116        1.049        0.025        0.966        0.140
            X28       -0.018        1.001        0.004        0.999        0.022
            X29       -0.010        0.997        0.018        1.010        0.029
            X30       -0.002        0.982        0.002        1.027        0.003
            X31        0.011        1.089       -0.004        0.972       -0.015
            X32        0.008        0.089        0.010        0.101        0.024
            X33        0.028        0.165        0.047        0.212        0.103
            X34        0.083        0.276        0.061        0.240       -0.083
            X35        0.196        0.397        0.055        0.229       -0.434
            X36        0.056        0.231        0.137        0.344        0.276
            X37        0.229        0.420        0.106        0.307       -0.334


Stratification Summary

              Propensity Score         Sample Size     Ave. Propensity   Outcome
 Stratum    Min.    Max.Controls TreatedControls TreatedY0 raw-diffY1 raw-diffY2 raw-diff
--------------------------------------------------------------------------------
       1   0.101   0.129    3291     341   0.116   0.116  -0.123   0.003-176.013
       2   0.129   0.149    3207     423   0.140   0.140  -0.044  -0.042-1424.366
       3   0.149   0.178    6281     980   0.164   0.164  -0.276  -0.0612528.526
       4   0.178   0.200    6103    1158   0.189   0.189  -0.414  -0.1372291.556
       5   0.200   0.210    2962     668   0.205   0.205   0.358  -0.0786050.155
       6   0.210   0.215    1492     323   0.212   0.212  -0.372  -0.1774996.275
       7   0.215   0.219    1427     388   0.217   0.217   0.456  -0.1763758.277
       8   0.219   0.236    5705    1556   0.228   0.228  -0.211   0.0501087.994
       9   0.236   0.251    5559    1702   0.243   0.244  -0.250  -0.1201415.381
      10   0.251   0.265    5384    1877   0.258   0.258  -0.173  -0.117 685.814
      11   0.265   0.278    5252    2008   0.272   0.272   0.452  -0.1162274.859
      12   0.278   0.302   10002    4520   0.290   0.290  -0.284  -0.103 163.537
      13   0.302   0.323    9621    4900   0.313   0.313  -0.108  -0.105 -92.537
      14   0.323   0.333    4630    2631   0.328   0.328  -0.139  -0.108 190.350
      15   0.333   0.343    4498    2762   0.338   0.338  -0.219  -0.125-1009.940
      16   0.343   0.362    8895    5626   0.352   0.353  -0.020  -0.030 212.096
      17   0.362   0.371    4368    2893   0.366   0.366   0.590  -0.1062055.788
      18   0.371   0.379    4250    3011   0.375   0.375   0.684  -0.090 174.044
      19   0.379   0.396    8384    6137   0.388   0.388   0.305  -0.110 302.136
      20   0.396   0.429   16245   12798   0.413   0.413   0.195  -0.053 139.103
      21   0.429   0.446    7880    6642   0.438   0.438   0.210  -0.028 994.467
      22   0.446   0.462    7581    6940   0.454   0.454   0.421   0.0071383.217
      23   0.462   0.477    7601    6920   0.469   0.469   0.262  -0.060-399.185
      24   0.477   0.493    7364    7157   0.485   0.485   0.602  -0.062 311.442
      25   0.493   0.508    7290    7232   0.500   0.500   0.693  -0.092 516.507
      26   0.508   0.522    7087    7434   0.515   0.515   0.656   0.056-1152.280
      27   0.522   0.524     957     859   0.523   0.523   1.198  -0.021 472.306
      28   0.524   0.526     896     919   0.525   0.525   0.266  -0.077-3372.995
      29   0.526   0.530    1760    1870   0.528   0.528   0.568   0.0311140.541
      30   0.530   0.533    1792    1839   0.532   0.532   0.366  -0.049-1798.602
      31   0.533   0.535     898     917   0.534   0.534   0.185   0.0001704.768
      32   0.535   0.537     821     994   0.536   0.536   0.931   0.0091539.400
      33   0.537   0.551    6931    7590   0.544   0.544   0.510  -0.035-504.258
      34   0.551   0.564    6721    7801   0.558   0.558   1.234   0.027 710.536
      35   0.564   0.577    6579    7942   0.571   0.571   0.271  -0.0591856.895
      36   0.577   0.602   12932   16110   0.590   0.590   0.410  -0.0591012.985
      37   0.602   0.624   12138   16905   0.613   0.613   0.012  -0.092 199.817
      38   0.624   0.645   11554   17489   0.635   0.635   0.326  -0.100 390.591
      39   0.645   0.655    5456    9066   0.650   0.650   0.222  -0.0501263.530
      40   0.655   0.660    2755    4506   0.657   0.657   0.463  -0.136 618.165
      41   0.660   0.662    1355    2275   0.661   0.661   0.258  -0.0411548.037
      42   0.662   0.664    1281    2349   0.663   0.663   0.077  -0.099-929.675
      43   0.664   0.669    2654    4607   0.667   0.667   0.872  -0.059-909.916
      44   0.669   0.674    2548    4712   0.671   0.671   0.388  -0.1151378.902
      45   0.674   0.683    5055    9466   0.678   0.678   0.005  -0.1561768.985
      46   0.683   0.699    9573   19470   0.691   0.691   0.285  -0.094 507.055
      47   0.699   0.707    4547    9975   0.703   0.703   0.122  -0.0781615.077
      48   0.707   0.715    4384   10137   0.711   0.711   0.088  -0.083-703.680
      49   0.715   0.719    2211    5050   0.717   0.717   0.419  -0.137-288.811
      50   0.719   0.723    2098    5163   0.721   0.721  -1.839   0.005-347.180
      51   0.723   0.730    4087   10434   0.726   0.726   0.512  -0.066 -73.436
      52   0.730   0.737    4049   10472   0.733   0.733   0.453  -0.0811868.076
      53   0.737   0.744    3731   10790   0.741   0.741   0.268  -0.117 267.657
      54   0.744   0.751    3670   10852   0.747   0.748   0.606  -0.083-1037.675
      55   0.751   0.758    3525   10996   0.754   0.754  -0.011  -0.181-742.394
      56   0.758   0.770    6735   22308   0.764   0.764   0.380  -0.082 981.193
      57   0.770   0.783    6291   22752   0.777   0.777   0.288  -0.018-639.072
      58   0.783   0.789    3012   11509   0.786   0.786   0.365  -0.0931865.498
      59   0.789   0.792    1446    5815   0.791   0.791   0.035  -0.173 810.253
      60   0.792   0.795    1351    5909   0.793   0.794   0.082  -0.0331311.465
      61   0.795   0.807    5383   23660   0.801   0.801  -0.058  -0.060-1032.244
      62   0.807   0.819    5012   24031   0.813   0.813   0.608  -0.0621662.462
      63   0.819   0.824    2329   12193   0.821   0.822   0.644  -0.099 419.370
      64   0.824   0.830    2233   12288   0.827   0.827   0.368  -0.0821513.723
      65   0.830   0.842    4293   24749   0.836   0.836   0.630  -0.1381237.171
      66   0.842   0.855    3960   25083   0.848   0.848   0.693  -0.1311692.861
      67   0.855   0.868    3615   25427   0.861   0.861   0.452  -0.015-119.837
      68   0.868   0.882    3342   25701   0.874   0.875  -0.327  -0.105 941.716
      69   0.882   0.890    1559   12962   0.886   0.886   1.181  -0.1761158.637
      70   0.890   0.895     723    6538   0.892   0.892   0.698  -0.4011452.401
      71   0.895   0.899     658    6602   0.897   0.897   0.636   0.049-693.830

LinAlgError with est_via_blocking: Singular matrix
Traceback (most recent call last):
  File "/home/nvl0834/ugc-val-est/causalinference/estimators/blocking.py", line 34, in __init__
    s.est_via_ols(adj, feats)
  File "/home/nvl0834/ugc-val-est/causalinference/causal.py", line 313, in est_via_ols
    self.estimates['ols'] = OLS(self.raw_data, adj, feature_names)
  File "/home/nvl0834/ugc-val-est/causalinference/estimators/ols.py", line 33, in __init__
    cov = calc_cov(Z, u)
  File "/home/nvl0834/ugc-val-est/causalinference/estimators/ols.py", line 85, in calc_cov
    A = np.linalg.inv(np.dot(Z.T, Z))
  File "/home/nvl0834/.conda/envs/ugc-val-est/lib/python3.6/site-packages/numpy/linalg/linalg.py", line 526, in inv
    ainv = _umath_linalg.inv(a, signature=signature, extobj=extobj)
  File "/home/nvl0834/.conda/envs/ugc-val-est/lib/python3.6/site-packages/numpy/linalg/linalg.py", line 90, in _raise_linalgerror_singular
    raise LinAlgError("Singular matrix")
numpy.linalg.linalg.LinAlgError: Singular matrix

During handling of the above exception, another exception occurred:

Traceback (most recent call last):
  File "prediction.py", line 340, in causal_inference
    causal.est_via_blocking(successful_fields, skip_fields)
  File "/home/nvl0834/ugc-val-est/causalinference/causal.py", line 335, in est_via_blocking
    self.estimates['blocking'] = Blocking(self.strata, adj, feature_names, skip_fields)
  File "/home/nvl0834/ugc-val-est/causalinference/estimators/blocking.py", line 93, in __init__
    strata[i].est_via_ols(adj, feats)
  File "/home/nvl0834/ugc-val-est/causalinference/causal.py", line 313, in est_via_ols
    self.estimates['ols'] = OLS(self.raw_data, adj, feature_names)
  File "/home/nvl0834/ugc-val-est/causalinference/estimators/ols.py", line 33, in __init__
    cov = calc_cov(Z, u)
  File "/home/nvl0834/ugc-val-est/causalinference/estimators/ols.py", line 85, in calc_cov
    A = np.linalg.inv(np.dot(Z.T, Z))
  File "/home/nvl0834/.conda/envs/ugc-val-est/lib/python3.6/site-packages/numpy/linalg/linalg.py", line 526, in inv
    ainv = _umath_linalg.inv(a, signature=signature, extobj=extobj)
  File "/home/nvl0834/.conda/envs/ugc-val-est/lib/python3.6/site-packages/numpy/linalg/linalg.py", line 90, in _raise_linalgerror_singular
    raise LinAlgError("Singular matrix")
numpy.linalg.linalg.LinAlgError: Singular matrix


Treatment Effect Estimates: Weighting

                          Est.          S.e.             z         P>|z|            [95% Conf. int.]
----------------------------------------------------------------------------------------------------
         Y0: ATE         0.322         0.039         8.213         0.000         0.245         0.399
         Y1: ATE        -0.044         0.006        -7.930         0.000        -0.055        -0.033
         Y2: ATE       290.512        71.389         4.069         0.000       150.589       430.435

records_loaded:22.315483331680298
rows_loaded:45.251418113708496
CausalModel:2.5308773517608643
est_via_ols:8.743889570236206
propensity:32.559269428253174
trim_0.10057447238911144:3.02046799659729
stratify_s:1.9569637775421143
est_via_matching:4.30115818977356